<?xml version="1.0" encoding="UTF-8"?>
<!-- Generated by org.testng.reporters.JUnitXMLReporter -->
<testsuite ignored="0" hostname="MSI" failures="1" tests="1" name="Test" time="13.74" errors="0" timestamp="2025-12-18T20:06:02 IST">
  <testcase classname="testCases.SearchTest" name="verifySearchFunctionality" time="5.687">
    <failure type="java.lang.AssertionError" message="Search result does not match expected [true] but found [false]">
      <![CDATA[java.lang.AssertionError: Search result does not match expected [true] but found [false]
at testCases.SearchTest.verifySearchFunctionality(SearchTest.java:18)
at java.base/java.util.ArrayList.forEach(ArrayList.java:1511)
... Removed 30 stack frames]]>
    </failure>
  </testcase> <!-- verifySearchFunctionality -->
</testsuite> <!-- Test -->
